inner_loop: 401
Loop: 0
1b1b1b1b01010101760b4553594dd0db18b90e726200620072630101760104455359084553599c690e720b090145535911039dd0db0101638ebb00760b4553594dd0db18b90e73620062007263070177010b090145535911039dd0db080100620affff0072620165090f9c697977078181c78203ff01010101044553590177070100000009ff010101010b090145535911039dd0db0177070100010800ff640001a001621e52035900000000000046fb0177070100020800ff640001a001621e520359000000000000332e0177070100010801ff0101621e52035900000000000046fb0177070100020801ff0101621e520359000000000000332d0177070100010802ff0101621e52035900000000000000000177070100020802ff0101621e52035900000000000000000177078181c78205ff0101010183025dc50abc3ea5d811147dabaae8ce6df4988d076f23a486c59e497ccc969c1d7645cb49d10cfef7168bdbcbf26a65645001010163357400760b4553594dd0db18b90e746200620072630201710163d48600001b1b1b1b1a
-----
value: 00000000000046fb
Gesamt Bezug: 18171
-----
value: 000000000000332e
Gesamt Einspeisung: 13102
[
    {
        "fields": {
            "Total Bezug": 18171.0,
            "Total Einspeisung": 13102.0
        },
        "measurement": "energy",
        "tags": {
            "meter": "2-way"
        },
        "time": 1660514344000000000
    }
]
